0    [main] DEBUG ru.nsu.gordin.Main  - DEBUUUUGGG
2    [main] INFO  ru.nsu.gordin.Main  - factory init
0    [main] DEBUG ru.nsu.gordin.Main  - DEBUUUUGGG
1    [main] INFO  ru.nsu.gordin.Main  - creating factory
3    [main] INFO  ru.nsu.gordin.Main  - factory init
4    [main] DEBUG ru.nsu.gordin.AbstractFactory  - void AbstractFactory.init(String filename = ru/nsu/gordin/initFile)
4    [main] INFO  ru.nsu.gordin.Main  - creating controller
6    [main] INFO  ru.nsu.gordin.Main  - creating viewer
8    [main] INFO  ru.nsu.gordin.Main  - controller run...
9    [main] DEBUG ru.nsu.gordin.Controller  - void Controller.run(Abstract factory fact = ru.nsu.gordin.AbstractFactory@43ee1619, Viewer viewer = ru.nsu.gordin.Viewer@43ece626)
5660 [main] DEBUG ru.nsu.gordin.AbstractFactory  - Command AbstractFactory.create(String key = INIT)
5692 [main] DEBUG ru.nsu.gordin.Model  - boolean Model.init(int width = 20, int heigth = 20, int x1 = 3, int y1 = 3)
5692 [main] DEBUG ru.nsu.gordin.Viewer  - void Viewer.print(Model = ru.nsu.gordin.Model@33ff9a48)
5692 [main] DEBUG ru.nsu.gordin.Model  - char[][] Model.getField()
5692 [main] DEBUG ru.nsu.gordin.Model  - int Model.getX()
5692 [main] DEBUG ru.nsu.gordin.Model  - int Model.getX()
5693 [main] DEBUG ru.nsu.gordin.Model  - int Model.getX()
5693 [main] DEBUG ru.nsu.gordin.Model  - int Model.getX()
5693 [main] DEBUG ru.nsu.gordin.Model  - int Model.getY()
5693 [main] DEBUG ru.nsu.gordin.Model  - int Model.getY()
5693 [main] DEBUG ru.nsu.gordin.Model  - int Model.getY()
5694 [main] DEBUG ru.nsu.gordin.Model  - int Model.getY()
5694 [main] DEBUG ru.nsu.gordin.Model  - int Model.getY()
5694 [main] DEBUG ru.nsu.gordin.Model  - int Model.getY()
5694 [main] DEBUG ru.nsu.gordin.Model  - int Model.getY()
5694 [main] DEBUG ru.nsu.gordin.Model  - int Model.getY()
5694 [main] DEBUG ru.nsu.gordin.Model  - int Model.getY()
5694 [main] DEBUG ru.nsu.gordin.Model  - int Model.getY()
5694 [main] DEBUG ru.nsu.gordin.Model  - int Model.getY()
5694 [main] DEBUG ru.nsu.gordin.Model  - int Model.getY()
5694 [main] DEBUG ru.nsu.gordin.Model  - int Model.getY()
5694 [main] DEBUG ru.nsu.gordin.Model  - int Model.getY()
5694 [main] DEBUG ru.nsu.gordin.Model  - int Model.getY()
5694 [main] DEBUG ru.nsu.gordin.Model  - int Model.getY()
5694 [main] DEBUG ru.nsu.gordin.Model  - int Model.getY()
5695 [main] DEBUG ru.nsu.gordin.Model  - int Model.getY()
5695 [main] DEBUG ru.nsu.gordin.Model  - int Model.getY()
5695 [main] DEBUG ru.nsu.gordin.Model  - int Model.getY()
5695 [main] DEBUG ru.nsu.gordin.Model  - int Model.getX()
5695 [main] DEBUG ru.nsu.gordin.Model  - int Model.getX()
5695 [main] DEBUG ru.nsu.gordin.Model  - int Model.getX()
5695 [main] DEBUG ru.nsu.gordin.Model  - int Model.getX()
5695 [main] DEBUG ru.nsu.gordin.Model  - int Model.getX()
5695 [main] DEBUG ru.nsu.gordin.Model  - int Model.getX()
5695 [main] DEBUG ru.nsu.gordin.Model  - int Model.getX()
5695 [main] DEBUG ru.nsu.gordin.Model  - int Model.getX()
5695 [main] DEBUG ru.nsu.gordin.Model  - int Model.getX()
5695 [main] DEBUG ru.nsu.gordin.Model  - int Model.getX()
5696 [main] DEBUG ru.nsu.gordin.Model  - int Model.getX()
5696 [main] DEBUG ru.nsu.gordin.Model  - int Model.getX()
5696 [main] DEBUG ru.nsu.gordin.Model  - int Model.getX()
5696 [main] DEBUG ru.nsu.gordin.Model  - int Model.getX()
5696 [main] DEBUG ru.nsu.gordin.Model  - int Model.getX()
5696 [main] DEBUG ru.nsu.gordin.Model  - int Model.getX()
10758 [main] DEBUG ru.nsu.gordin.AbstractFactory  - Command AbstractFactory.create(String key = MOVE)
10789 [main] DEBUG ru.nsu.gordin.Model  - void Model.step(String direction  = D)
10789 [main] DEBUG ru.nsu.gordin.Model  - void Model.step(String direction  = D)
10789 [main] DEBUG ru.nsu.gordin.Model  - void Model.step(String direction  = D)
10789 [main] DEBUG ru.nsu.gordin.Model  - void Model.step(String direction  = D)
10789 [main] DEBUG ru.nsu.gordin.Model  - void Model.step(String direction  = D)
10789 [main] DEBUG ru.nsu.gordin.Viewer  - void Viewer.print(Model = ru.nsu.gordin.Model@33ff9a48)
10790 [main] DEBUG ru.nsu.gordin.Model  - char[][] Model.getField()
10790 [main] DEBUG ru.nsu.gordin.Model  - int Model.getX()
10790 [main] DEBUG ru.nsu.gordin.Model  - int Model.getX()
10790 [main] DEBUG ru.nsu.gordin.Model  - int Model.getX()
10790 [main] DEBUG ru.nsu.gordin.Model  - int Model.getX()
10790 [main] DEBUG ru.nsu.gordin.Model  - int Model.getX()
10790 [main] DEBUG ru.nsu.gordin.Model  - int Model.getX()
10791 [main] DEBUG ru.nsu.gordin.Model  - int Model.getX()
10791 [main] DEBUG ru.nsu.gordin.Model  - int Model.getX()
10791 [main] DEBUG ru.nsu.gordin.Model  - int Model.getX()
10791 [main] DEBUG ru.nsu.gordin.Model  - int Model.getY()
10791 [main] DEBUG ru.nsu.gordin.Model  - int Model.getY()
10791 [main] DEBUG ru.nsu.gordin.Model  - int Model.getY()
10791 [main] DEBUG ru.nsu.gordin.Model  - int Model.getY()
10791 [main] DEBUG ru.nsu.gordin.Model  - int Model.getY()
10791 [main] DEBUG ru.nsu.gordin.Model  - int Model.getY()
10792 [main] DEBUG ru.nsu.gordin.Model  - int Model.getY()
10792 [main] DEBUG ru.nsu.gordin.Model  - int Model.getY()
10792 [main] DEBUG ru.nsu.gordin.Model  - int Model.getY()
10792 [main] DEBUG ru.nsu.gordin.Model  - int Model.getY()
10792 [main] DEBUG ru.nsu.gordin.Model  - int Model.getY()
10792 [main] DEBUG ru.nsu.gordin.Model  - int Model.getY()
10792 [main] DEBUG ru.nsu.gordin.Model  - int Model.getY()
10792 [main] DEBUG ru.nsu.gordin.Model  - int Model.getY()
10792 [main] DEBUG ru.nsu.gordin.Model  - int Model.getY()
10793 [main] DEBUG ru.nsu.gordin.Model  - int Model.getY()
10793 [main] DEBUG ru.nsu.gordin.Model  - int Model.getY()
10793 [main] DEBUG ru.nsu.gordin.Model  - int Model.getY()
10793 [main] DEBUG ru.nsu.gordin.Model  - int Model.getY()
10793 [main] DEBUG ru.nsu.gordin.Model  - int Model.getY()
10793 [main] DEBUG ru.nsu.gordin.Model  - int Model.getX()
10793 [main] DEBUG ru.nsu.gordin.Model  - int Model.getX()
10793 [main] DEBUG ru.nsu.gordin.Model  - int Model.getX()
10793 [main] DEBUG ru.nsu.gordin.Model  - int Model.getX()
10794 [main] DEBUG ru.nsu.gordin.Model  - int Model.getX()
10794 [main] DEBUG ru.nsu.gordin.Model  - int Model.getX()
10794 [main] DEBUG ru.nsu.gordin.Model  - int Model.getX()
10794 [main] DEBUG ru.nsu.gordin.Model  - int Model.getX()
10794 [main] DEBUG ru.nsu.gordin.Model  - int Model.getX()
10795 [main] DEBUG ru.nsu.gordin.Model  - int Model.getX()
10795 [main] DEBUG ru.nsu.gordin.Model  - int Model.getX()
13667 [main] DEBUG ru.nsu.gordin.AbstractFactory  - Command AbstractFactory.create(String key = DRAW)
13668 [main] DEBUG ru.nsu.gordin.Model  - void Model.SetDraw(boolean b = true)
13669 [main] DEBUG ru.nsu.gordin.Viewer  - void Viewer.print(Model = ru.nsu.gordin.Model@33ff9a48)
13669 [main] DEBUG ru.nsu.gordin.Model  - char[][] Model.getField()
13669 [main] DEBUG ru.nsu.gordin.Model  - int Model.getX()
13669 [main] DEBUG ru.nsu.gordin.Model  - int Model.getX()
13670 [main] DEBUG ru.nsu.gordin.Model  - int Model.getX()
13670 [main] DEBUG ru.nsu.gordin.Model  - int Model.getX()
13670 [main] DEBUG ru.nsu.gordin.Model  - int Model.getX()
13670 [main] DEBUG ru.nsu.gordin.Model  - int Model.getX()
13671 [main] DEBUG ru.nsu.gordin.Model  - int Model.getX()
13671 [main] DEBUG ru.nsu.gordin.Model  - int Model.getX()
13672 [main] DEBUG ru.nsu.gordin.Model  - int Model.getX()
13672 [main] DEBUG ru.nsu.gordin.Model  - int Model.getY()
13672 [main] DEBUG ru.nsu.gordin.Model  - int Model.getY()
13672 [main] DEBUG ru.nsu.gordin.Model  - int Model.getY()
13673 [main] DEBUG ru.nsu.gordin.Model  - int Model.getY()
13673 [main] DEBUG ru.nsu.gordin.Model  - int Model.getY()
13674 [main] DEBUG ru.nsu.gordin.Model  - int Model.getY()
13674 [main] DEBUG ru.nsu.gordin.Model  - int Model.getY()
13674 [main] DEBUG ru.nsu.gordin.Model  - int Model.getY()
13674 [main] DEBUG ru.nsu.gordin.Model  - int Model.getY()
13675 [main] DEBUG ru.nsu.gordin.Model  - int Model.getY()
13675 [main] DEBUG ru.nsu.gordin.Model  - int Model.getY()
13675 [main] DEBUG ru.nsu.gordin.Model  - int Model.getY()
13675 [main] DEBUG ru.nsu.gordin.Model  - int Model.getY()
13676 [main] DEBUG ru.nsu.gordin.Model  - int Model.getY()
13677 [main] DEBUG ru.nsu.gordin.Model  - int Model.getY()
13677 [main] DEBUG ru.nsu.gordin.Model  - int Model.getY()
13677 [main] DEBUG ru.nsu.gordin.Model  - int Model.getY()
13678 [main] DEBUG ru.nsu.gordin.Model  - int Model.getY()
13678 [main] DEBUG ru.nsu.gordin.Model  - int Model.getY()
13678 [main] DEBUG ru.nsu.gordin.Model  - int Model.getY()
13679 [main] DEBUG ru.nsu.gordin.Model  - int Model.getX()
13679 [main] DEBUG ru.nsu.gordin.Model  - int Model.getX()
13679 [main] DEBUG ru.nsu.gordin.Model  - int Model.getX()
13679 [main] DEBUG ru.nsu.gordin.Model  - int Model.getX()
13684 [main] DEBUG ru.nsu.gordin.Model  - int Model.getX()
13685 [main] DEBUG ru.nsu.gordin.Model  - int Model.getX()
13685 [main] DEBUG ru.nsu.gordin.Model  - int Model.getX()
13685 [main] DEBUG ru.nsu.gordin.Model  - int Model.getX()
13685 [main] DEBUG ru.nsu.gordin.Model  - int Model.getX()
13685 [main] DEBUG ru.nsu.gordin.Model  - int Model.getX()
13685 [main] DEBUG ru.nsu.gordin.Model  - int Model.getX()
16485 [main] DEBUG ru.nsu.gordin.AbstractFactory  - Command AbstractFactory.create(String key = MOVE)
16490 [main] DEBUG ru.nsu.gordin.Model  - void Model.step(String direction  = D)
16491 [main] DEBUG ru.nsu.gordin.Model  - void Model.step(String direction  = D)
16491 [main] DEBUG ru.nsu.gordin.Model  - void Model.step(String direction  = D)
16491 [main] DEBUG ru.nsu.gordin.Model  - void Model.step(String direction  = D)
16491 [main] DEBUG ru.nsu.gordin.Model  - void Model.step(String direction  = D)
16491 [main] DEBUG ru.nsu.gordin.Viewer  - void Viewer.print(Model = ru.nsu.gordin.Model@33ff9a48)
16491 [main] DEBUG ru.nsu.gordin.Model  - char[][] Model.getField()
16491 [main] DEBUG ru.nsu.gordin.Model  - int Model.getX()
16492 [main] DEBUG ru.nsu.gordin.Model  - int Model.getX()
16492 [main] DEBUG ru.nsu.gordin.Model  - int Model.getX()
16492 [main] DEBUG ru.nsu.gordin.Model  - int Model.getX()
16492 [main] DEBUG ru.nsu.gordin.Model  - int Model.getX()
16492 [main] DEBUG ru.nsu.gordin.Model  - int Model.getX()
16492 [main] DEBUG ru.nsu.gordin.Model  - int Model.getX()
16492 [main] DEBUG ru.nsu.gordin.Model  - int Model.getX()
16493 [main] DEBUG ru.nsu.gordin.Model  - int Model.getX()
16493 [main] DEBUG ru.nsu.gordin.Model  - int Model.getX()
16493 [main] DEBUG ru.nsu.gordin.Model  - int Model.getX()
16493 [main] DEBUG ru.nsu.gordin.Model  - int Model.getX()
16493 [main] DEBUG ru.nsu.gordin.Model  - int Model.getX()
16493 [main] DEBUG ru.nsu.gordin.Model  - int Model.getX()
16493 [main] DEBUG ru.nsu.gordin.Model  - int Model.getY()
16494 [main] DEBUG ru.nsu.gordin.Model  - int Model.getY()
16494 [main] DEBUG ru.nsu.gordin.Model  - int Model.getY()
16494 [main] DEBUG ru.nsu.gordin.Model  - int Model.getY()
16494 [main] DEBUG ru.nsu.gordin.Model  - int Model.getY()
16495 [main] DEBUG ru.nsu.gordin.Model  - int Model.getY()
16495 [main] DEBUG ru.nsu.gordin.Model  - int Model.getY()
16495 [main] DEBUG ru.nsu.gordin.Model  - int Model.getY()
16495 [main] DEBUG ru.nsu.gordin.Model  - int Model.getY()
16495 [main] DEBUG ru.nsu.gordin.Model  - int Model.getY()
16495 [main] DEBUG ru.nsu.gordin.Model  - int Model.getY()
16495 [main] DEBUG ru.nsu.gordin.Model  - int Model.getY()
16496 [main] DEBUG ru.nsu.gordin.Model  - int Model.getY()
16496 [main] DEBUG ru.nsu.gordin.Model  - int Model.getY()
16496 [main] DEBUG ru.nsu.gordin.Model  - int Model.getY()
16496 [main] DEBUG ru.nsu.gordin.Model  - int Model.getY()
16497 [main] DEBUG ru.nsu.gordin.Model  - int Model.getY()
16497 [main] DEBUG ru.nsu.gordin.Model  - int Model.getY()
16497 [main] DEBUG ru.nsu.gordin.Model  - int Model.getY()
16497 [main] DEBUG ru.nsu.gordin.Model  - int Model.getY()
16497 [main] DEBUG ru.nsu.gordin.Model  - int Model.getX()
16497 [main] DEBUG ru.nsu.gordin.Model  - int Model.getX()
16498 [main] DEBUG ru.nsu.gordin.Model  - int Model.getX()
16498 [main] DEBUG ru.nsu.gordin.Model  - int Model.getX()
16498 [main] DEBUG ru.nsu.gordin.Model  - int Model.getX()
16498 [main] DEBUG ru.nsu.gordin.Model  - int Model.getX()
19776 [main] DEBUG ru.nsu.gordin.AbstractFactory  - Command AbstractFactory.create(String key = MOVE)
19782 [main] DEBUG ru.nsu.gordin.Model  - void Model.step(String direction  = R)
19782 [main] DEBUG ru.nsu.gordin.Model  - void Model.step(String direction  = R)
19782 [main] DEBUG ru.nsu.gordin.Model  - void Model.step(String direction  = R)
19783 [main] DEBUG ru.nsu.gordin.Model  - void Model.step(String direction  = R)
19783 [main] DEBUG ru.nsu.gordin.Model  - void Model.step(String direction  = R)
19783 [main] DEBUG ru.nsu.gordin.Viewer  - void Viewer.print(Model = ru.nsu.gordin.Model@33ff9a48)
19783 [main] DEBUG ru.nsu.gordin.Model  - char[][] Model.getField()
19783 [main] DEBUG ru.nsu.gordin.Model  - int Model.getX()
19783 [main] DEBUG ru.nsu.gordin.Model  - int Model.getX()
19784 [main] DEBUG ru.nsu.gordin.Model  - int Model.getX()
19784 [main] DEBUG ru.nsu.gordin.Model  - int Model.getX()
19784 [main] DEBUG ru.nsu.gordin.Model  - int Model.getX()
19784 [main] DEBUG ru.nsu.gordin.Model  - int Model.getX()
19784 [main] DEBUG ru.nsu.gordin.Model  - int Model.getX()
19784 [main] DEBUG ru.nsu.gordin.Model  - int Model.getX()
19785 [main] DEBUG ru.nsu.gordin.Model  - int Model.getX()
19785 [main] DEBUG ru.nsu.gordin.Model  - int Model.getX()
19785 [main] DEBUG ru.nsu.gordin.Model  - int Model.getX()
19785 [main] DEBUG ru.nsu.gordin.Model  - int Model.getX()
19786 [main] DEBUG ru.nsu.gordin.Model  - int Model.getX()
19786 [main] DEBUG ru.nsu.gordin.Model  - int Model.getX()
19786 [main] DEBUG ru.nsu.gordin.Model  - int Model.getY()
19787 [main] DEBUG ru.nsu.gordin.Model  - int Model.getY()
19787 [main] DEBUG ru.nsu.gordin.Model  - int Model.getY()
19787 [main] DEBUG ru.nsu.gordin.Model  - int Model.getY()
19787 [main] DEBUG ru.nsu.gordin.Model  - int Model.getY()
19787 [main] DEBUG ru.nsu.gordin.Model  - int Model.getY()
19787 [main] DEBUG ru.nsu.gordin.Model  - int Model.getY()
19787 [main] DEBUG ru.nsu.gordin.Model  - int Model.getY()
19788 [main] DEBUG ru.nsu.gordin.Model  - int Model.getY()
19788 [main] DEBUG ru.nsu.gordin.Model  - int Model.getY()
19788 [main] DEBUG ru.nsu.gordin.Model  - int Model.getY()
19788 [main] DEBUG ru.nsu.gordin.Model  - int Model.getY()
19791 [main] DEBUG ru.nsu.gordin.Model  - int Model.getY()
19791 [main] DEBUG ru.nsu.gordin.Model  - int Model.getY()
19791 [main] DEBUG ru.nsu.gordin.Model  - int Model.getY()
19791 [main] DEBUG ru.nsu.gordin.Model  - int Model.getY()
19791 [main] DEBUG ru.nsu.gordin.Model  - int Model.getY()
19791 [main] DEBUG ru.nsu.gordin.Model  - int Model.getY()
19791 [main] DEBUG ru.nsu.gordin.Model  - int Model.getY()
19791 [main] DEBUG ru.nsu.gordin.Model  - int Model.getY()
19791 [main] DEBUG ru.nsu.gordin.Model  - int Model.getX()
19792 [main] DEBUG ru.nsu.gordin.Model  - int Model.getX()
19792 [main] DEBUG ru.nsu.gordin.Model  - int Model.getX()
19792 [main] DEBUG ru.nsu.gordin.Model  - int Model.getX()
19792 [main] DEBUG ru.nsu.gordin.Model  - int Model.getX()
19792 [main] DEBUG ru.nsu.gordin.Model  - int Model.getX()
26053 [main] DEBUG ru.nsu.gordin.AbstractFactory  - Command AbstractFactory.create(String key = TELEPORT)
26084 [main] DEBUG ru.nsu.gordin.Model  - void Model.set(int x1 = 3, int y1 = 3)
26085 [main] DEBUG ru.nsu.gordin.Viewer  - void Viewer.print(Model = ru.nsu.gordin.Model@33ff9a48)
26085 [main] DEBUG ru.nsu.gordin.Model  - char[][] Model.getField()
26085 [main] DEBUG ru.nsu.gordin.Model  - int Model.getX()
26085 [main] DEBUG ru.nsu.gordin.Model  - int Model.getX()
26085 [main] DEBUG ru.nsu.gordin.Model  - int Model.getX()
26085 [main] DEBUG ru.nsu.gordin.Model  - int Model.getX()
26085 [main] DEBUG ru.nsu.gordin.Model  - int Model.getY()
26085 [main] DEBUG ru.nsu.gordin.Model  - int Model.getY()
26085 [main] DEBUG ru.nsu.gordin.Model  - int Model.getY()
26085 [main] DEBUG ru.nsu.gordin.Model  - int Model.getY()
26085 [main] DEBUG ru.nsu.gordin.Model  - int Model.getY()
26085 [main] DEBUG ru.nsu.gordin.Model  - int Model.getY()
26085 [main] DEBUG ru.nsu.gordin.Model  - int Model.getY()
26086 [main] DEBUG ru.nsu.gordin.Model  - int Model.getY()
26086 [main] DEBUG ru.nsu.gordin.Model  - int Model.getY()
26086 [main] DEBUG ru.nsu.gordin.Model  - int Model.getY()
26086 [main] DEBUG ru.nsu.gordin.Model  - int Model.getY()
26086 [main] DEBUG ru.nsu.gordin.Model  - int Model.getY()
26086 [main] DEBUG ru.nsu.gordin.Model  - int Model.getY()
26086 [main] DEBUG ru.nsu.gordin.Model  - int Model.getY()
26086 [main] DEBUG ru.nsu.gordin.Model  - int Model.getY()
26086 [main] DEBUG ru.nsu.gordin.Model  - int Model.getY()
26086 [main] DEBUG ru.nsu.gordin.Model  - int Model.getY()
26086 [main] DEBUG ru.nsu.gordin.Model  - int Model.getY()
26086 [main] DEBUG ru.nsu.gordin.Model  - int Model.getY()
26086 [main] DEBUG ru.nsu.gordin.Model  - int Model.getY()
26086 [main] DEBUG ru.nsu.gordin.Model  - int Model.getX()
26087 [main] DEBUG ru.nsu.gordin.Model  - int Model.getX()
26087 [main] DEBUG ru.nsu.gordin.Model  - int Model.getX()
26087 [main] DEBUG ru.nsu.gordin.Model  - int Model.getX()
26087 [main] DEBUG ru.nsu.gordin.Model  - int Model.getX()
26087 [main] DEBUG ru.nsu.gordin.Model  - int Model.getX()
26087 [main] DEBUG ru.nsu.gordin.Model  - int Model.getX()
26087 [main] DEBUG ru.nsu.gordin.Model  - int Model.getX()
26087 [main] DEBUG ru.nsu.gordin.Model  - int Model.getX()
26087 [main] DEBUG ru.nsu.gordin.Model  - int Model.getX()
26087 [main] DEBUG ru.nsu.gordin.Model  - int Model.getX()
26087 [main] DEBUG ru.nsu.gordin.Model  - int Model.getX()
26087 [main] DEBUG ru.nsu.gordin.Model  - int Model.getX()
26087 [main] DEBUG ru.nsu.gordin.Model  - int Model.getX()
26087 [main] DEBUG ru.nsu.gordin.Model  - int Model.getX()
26088 [main] DEBUG ru.nsu.gordin.Model  - int Model.getX()
32232 [main] DEBUG ru.nsu.gordin.AbstractFactory  - Command AbstractFactory.create(String key = MOVE)
32237 [main] DEBUG ru.nsu.gordin.Model  - void Model.step(String direction  = R)
32237 [main] DEBUG ru.nsu.gordin.Model  - void Model.step(String direction  = R)
32238 [main] DEBUG ru.nsu.gordin.Model  - void Model.step(String direction  = R)
32238 [main] DEBUG ru.nsu.gordin.Model  - void Model.step(String direction  = R)
32238 [main] DEBUG ru.nsu.gordin.Model  - void Model.step(String direction  = R)
32238 [main] DEBUG ru.nsu.gordin.Viewer  - void Viewer.print(Model = ru.nsu.gordin.Model@33ff9a48)
32238 [main] DEBUG ru.nsu.gordin.Model  - char[][] Model.getField()
32238 [main] DEBUG ru.nsu.gordin.Model  - int Model.getX()
32238 [main] DEBUG ru.nsu.gordin.Model  - int Model.getX()
32238 [main] DEBUG ru.nsu.gordin.Model  - int Model.getX()
32239 [main] DEBUG ru.nsu.gordin.Model  - int Model.getX()
32239 [main] DEBUG ru.nsu.gordin.Model  - int Model.getY()
32239 [main] DEBUG ru.nsu.gordin.Model  - int Model.getY()
32239 [main] DEBUG ru.nsu.gordin.Model  - int Model.getY()
32239 [main] DEBUG ru.nsu.gordin.Model  - int Model.getY()
32239 [main] DEBUG ru.nsu.gordin.Model  - int Model.getY()
32239 [main] DEBUG ru.nsu.gordin.Model  - int Model.getY()
32240 [main] DEBUG ru.nsu.gordin.Model  - int Model.getY()
32240 [main] DEBUG ru.nsu.gordin.Model  - int Model.getY()
32240 [main] DEBUG ru.nsu.gordin.Model  - int Model.getY()
32240 [main] DEBUG ru.nsu.gordin.Model  - int Model.getY()
32240 [main] DEBUG ru.nsu.gordin.Model  - int Model.getY()
32240 [main] DEBUG ru.nsu.gordin.Model  - int Model.getY()
32240 [main] DEBUG ru.nsu.gordin.Model  - int Model.getY()
32241 [main] DEBUG ru.nsu.gordin.Model  - int Model.getY()
32241 [main] DEBUG ru.nsu.gordin.Model  - int Model.getY()
32241 [main] DEBUG ru.nsu.gordin.Model  - int Model.getY()
32241 [main] DEBUG ru.nsu.gordin.Model  - int Model.getY()
32241 [main] DEBUG ru.nsu.gordin.Model  - int Model.getY()
32242 [main] DEBUG ru.nsu.gordin.Model  - int Model.getY()
32242 [main] DEBUG ru.nsu.gordin.Model  - int Model.getY()
32242 [main] DEBUG ru.nsu.gordin.Model  - int Model.getX()
32242 [main] DEBUG ru.nsu.gordin.Model  - int Model.getX()
32242 [main] DEBUG ru.nsu.gordin.Model  - int Model.getX()
32242 [main] DEBUG ru.nsu.gordin.Model  - int Model.getX()
32242 [main] DEBUG ru.nsu.gordin.Model  - int Model.getX()
32242 [main] DEBUG ru.nsu.gordin.Model  - int Model.getX()
32242 [main] DEBUG ru.nsu.gordin.Model  - int Model.getX()
32243 [main] DEBUG ru.nsu.gordin.Model  - int Model.getX()
32243 [main] DEBUG ru.nsu.gordin.Model  - int Model.getX()
32243 [main] DEBUG ru.nsu.gordin.Model  - int Model.getX()
32243 [main] DEBUG ru.nsu.gordin.Model  - int Model.getX()
32243 [main] DEBUG ru.nsu.gordin.Model  - int Model.getX()
32243 [main] DEBUG ru.nsu.gordin.Model  - int Model.getX()
32243 [main] DEBUG ru.nsu.gordin.Model  - int Model.getX()
32243 [main] DEBUG ru.nsu.gordin.Model  - int Model.getX()
32243 [main] DEBUG ru.nsu.gordin.Model  - int Model.getX()
38910 [main] DEBUG ru.nsu.gordin.AbstractFactory  - Command AbstractFactory.create(String key = MOVE)
38915 [main] DEBUG ru.nsu.gordin.Model  - void Model.step(String direction  = D)
38915 [main] DEBUG ru.nsu.gordin.Model  - void Model.step(String direction  = D)
38915 [main] DEBUG ru.nsu.gordin.Model  - void Model.step(String direction  = D)
38915 [main] DEBUG ru.nsu.gordin.Model  - void Model.step(String direction  = D)
38915 [main] DEBUG ru.nsu.gordin.Model  - void Model.step(String direction  = D)
38915 [main] DEBUG ru.nsu.gordin.Viewer  - void Viewer.print(Model = ru.nsu.gordin.Model@33ff9a48)
38915 [main] DEBUG ru.nsu.gordin.Model  - char[][] Model.getField()
38915 [main] DEBUG ru.nsu.gordin.Model  - int Model.getX()
38916 [main] DEBUG ru.nsu.gordin.Model  - int Model.getX()
38916 [main] DEBUG ru.nsu.gordin.Model  - int Model.getX()
38916 [main] DEBUG ru.nsu.gordin.Model  - int Model.getX()
38916 [main] DEBUG ru.nsu.gordin.Model  - int Model.getX()
38916 [main] DEBUG ru.nsu.gordin.Model  - int Model.getX()
38916 [main] DEBUG ru.nsu.gordin.Model  - int Model.getX()
38916 [main] DEBUG ru.nsu.gordin.Model  - int Model.getX()
38916 [main] DEBUG ru.nsu.gordin.Model  - int Model.getX()
38916 [main] DEBUG ru.nsu.gordin.Model  - int Model.getY()
38916 [main] DEBUG ru.nsu.gordin.Model  - int Model.getY()
38916 [main] DEBUG ru.nsu.gordin.Model  - int Model.getY()
38917 [main] DEBUG ru.nsu.gordin.Model  - int Model.getY()
38917 [main] DEBUG ru.nsu.gordin.Model  - int Model.getY()
38917 [main] DEBUG ru.nsu.gordin.Model  - int Model.getY()
38917 [main] DEBUG ru.nsu.gordin.Model  - int Model.getY()
38917 [main] DEBUG ru.nsu.gordin.Model  - int Model.getY()
38917 [main] DEBUG ru.nsu.gordin.Model  - int Model.getY()
38918 [main] DEBUG ru.nsu.gordin.Model  - int Model.getY()
38918 [main] DEBUG ru.nsu.gordin.Model  - int Model.getY()
38918 [main] DEBUG ru.nsu.gordin.Model  - int Model.getY()
38918 [main] DEBUG ru.nsu.gordin.Model  - int Model.getY()
38918 [main] DEBUG ru.nsu.gordin.Model  - int Model.getY()
38918 [main] DEBUG ru.nsu.gordin.Model  - int Model.getY()
38919 [main] DEBUG ru.nsu.gordin.Model  - int Model.getY()
38919 [main] DEBUG ru.nsu.gordin.Model  - int Model.getY()
38919 [main] DEBUG ru.nsu.gordin.Model  - int Model.getY()
38919 [main] DEBUG ru.nsu.gordin.Model  - int Model.getY()
38919 [main] DEBUG ru.nsu.gordin.Model  - int Model.getY()
38919 [main] DEBUG ru.nsu.gordin.Model  - int Model.getX()
38919 [main] DEBUG ru.nsu.gordin.Model  - int Model.getX()
38920 [main] DEBUG ru.nsu.gordin.Model  - int Model.getX()
38920 [main] DEBUG ru.nsu.gordin.Model  - int Model.getX()
38920 [main] DEBUG ru.nsu.gordin.Model  - int Model.getX()
38920 [main] DEBUG ru.nsu.gordin.Model  - int Model.getX()
38920 [main] DEBUG ru.nsu.gordin.Model  - int Model.getX()
38920 [main] DEBUG ru.nsu.gordin.Model  - int Model.getX()
38920 [main] DEBUG ru.nsu.gordin.Model  - int Model.getX()
38920 [main] DEBUG ru.nsu.gordin.Model  - int Model.getX()
38921 [main] DEBUG ru.nsu.gordin.Model  - int Model.getX()
49923 [main] DEBUG ru.nsu.gordin.AbstractFactory  - Command AbstractFactory.create(String key = WARD)
49943 [main] DEBUG ru.nsu.gordin.Model  - void Model.SetDraw(boolean b = false)
49944 [main] DEBUG ru.nsu.gordin.Viewer  - void Viewer.print(Model = ru.nsu.gordin.Model@33ff9a48)
49944 [main] DEBUG ru.nsu.gordin.Model  - char[][] Model.getField()
49944 [main] DEBUG ru.nsu.gordin.Model  - int Model.getX()
49944 [main] DEBUG ru.nsu.gordin.Model  - int Model.getX()
49944 [main] DEBUG ru.nsu.gordin.Model  - int Model.getX()
49944 [main] DEBUG ru.nsu.gordin.Model  - int Model.getX()
49945 [main] DEBUG ru.nsu.gordin.Model  - int Model.getX()
49945 [main] DEBUG ru.nsu.gordin.Model  - int Model.getX()
49945 [main] DEBUG ru.nsu.gordin.Model  - int Model.getX()
49945 [main] DEBUG ru.nsu.gordin.Model  - int Model.getX()
49945 [main] DEBUG ru.nsu.gordin.Model  - int Model.getX()
49945 [main] DEBUG ru.nsu.gordin.Model  - int Model.getY()
49945 [main] DEBUG ru.nsu.gordin.Model  - int Model.getY()
49946 [main] DEBUG ru.nsu.gordin.Model  - int Model.getY()
49946 [main] DEBUG ru.nsu.gordin.Model  - int Model.getY()
49946 [main] DEBUG ru.nsu.gordin.Model  - int Model.getY()
49946 [main] DEBUG ru.nsu.gordin.Model  - int Model.getY()
49946 [main] DEBUG ru.nsu.gordin.Model  - int Model.getY()
49946 [main] DEBUG ru.nsu.gordin.Model  - int Model.getY()
49946 [main] DEBUG ru.nsu.gordin.Model  - int Model.getY()
49946 [main] DEBUG ru.nsu.gordin.Model  - int Model.getY()
49946 [main] DEBUG ru.nsu.gordin.Model  - int Model.getY()
49946 [main] DEBUG ru.nsu.gordin.Model  - int Model.getY()
49946 [main] DEBUG ru.nsu.gordin.Model  - int Model.getY()
49946 [main] DEBUG ru.nsu.gordin.Model  - int Model.getY()
49946 [main] DEBUG ru.nsu.gordin.Model  - int Model.getY()
49947 [main] DEBUG ru.nsu.gordin.Model  - int Model.getY()
49947 [main] DEBUG ru.nsu.gordin.Model  - int Model.getY()
49947 [main] DEBUG ru.nsu.gordin.Model  - int Model.getY()
49947 [main] DEBUG ru.nsu.gordin.Model  - int Model.getY()
49947 [main] DEBUG ru.nsu.gordin.Model  - int Model.getY()
49947 [main] DEBUG ru.nsu.gordin.Model  - int Model.getX()
49947 [main] DEBUG ru.nsu.gordin.Model  - int Model.getX()
49947 [main] DEBUG ru.nsu.gordin.Model  - int Model.getX()
49947 [main] DEBUG ru.nsu.gordin.Model  - int Model.getX()
49947 [main] DEBUG ru.nsu.gordin.Model  - int Model.getX()
49947 [main] DEBUG ru.nsu.gordin.Model  - int Model.getX()
49947 [main] DEBUG ru.nsu.gordin.Model  - int Model.getX()
49947 [main] DEBUG ru.nsu.gordin.Model  - int Model.getX()
49947 [main] DEBUG ru.nsu.gordin.Model  - int Model.getX()
49947 [main] DEBUG ru.nsu.gordin.Model  - int Model.getX()
49948 [main] DEBUG ru.nsu.gordin.Model  - int Model.getX()
54956 [main] DEBUG ru.nsu.gordin.AbstractFactory  - Command AbstractFactory.create(String key = MOVE)
54963 [main] DEBUG ru.nsu.gordin.Model  - void Model.step(String direction  = L)
54963 [main] DEBUG ru.nsu.gordin.Model  - void Model.step(String direction  = L)
54963 [main] DEBUG ru.nsu.gordin.Model  - void Model.step(String direction  = L)
54963 [main] DEBUG ru.nsu.gordin.Model  - void Model.step(String direction  = L)
54963 [main] DEBUG ru.nsu.gordin.Model  - void Model.step(String direction  = L)
54963 [main] DEBUG ru.nsu.gordin.Viewer  - void Viewer.print(Model = ru.nsu.gordin.Model@33ff9a48)
54964 [main] DEBUG ru.nsu.gordin.Model  - char[][] Model.getField()
54964 [main] DEBUG ru.nsu.gordin.Model  - int Model.getX()
54964 [main] DEBUG ru.nsu.gordin.Model  - int Model.getX()
54964 [main] DEBUG ru.nsu.gordin.Model  - int Model.getX()
54964 [main] DEBUG ru.nsu.gordin.Model  - int Model.getX()
54965 [main] DEBUG ru.nsu.gordin.Model  - int Model.getX()
54965 [main] DEBUG ru.nsu.gordin.Model  - int Model.getX()
54965 [main] DEBUG ru.nsu.gordin.Model  - int Model.getX()
54965 [main] DEBUG ru.nsu.gordin.Model  - int Model.getX()
54965 [main] DEBUG ru.nsu.gordin.Model  - int Model.getX()
54966 [main] DEBUG ru.nsu.gordin.Model  - int Model.getY()
54966 [main] DEBUG ru.nsu.gordin.Model  - int Model.getY()
54966 [main] DEBUG ru.nsu.gordin.Model  - int Model.getY()
54966 [main] DEBUG ru.nsu.gordin.Model  - int Model.getY()
54966 [main] DEBUG ru.nsu.gordin.Model  - int Model.getY()
54966 [main] DEBUG ru.nsu.gordin.Model  - int Model.getY()
54969 [main] DEBUG ru.nsu.gordin.Model  - int Model.getY()
54969 [main] DEBUG ru.nsu.gordin.Model  - int Model.getY()
54969 [main] DEBUG ru.nsu.gordin.Model  - int Model.getY()
54971 [main] DEBUG ru.nsu.gordin.Model  - int Model.getY()
54972 [main] DEBUG ru.nsu.gordin.Model  - int Model.getY()
54972 [main] DEBUG ru.nsu.gordin.Model  - int Model.getY()
54973 [main] DEBUG ru.nsu.gordin.Model  - int Model.getY()
54973 [main] DEBUG ru.nsu.gordin.Model  - int Model.getY()
54973 [main] DEBUG ru.nsu.gordin.Model  - int Model.getY()
54973 [main] DEBUG ru.nsu.gordin.Model  - int Model.getY()
54973 [main] DEBUG ru.nsu.gordin.Model  - int Model.getY()
54973 [main] DEBUG ru.nsu.gordin.Model  - int Model.getY()
54973 [main] DEBUG ru.nsu.gordin.Model  - int Model.getY()
54973 [main] DEBUG ru.nsu.gordin.Model  - int Model.getY()
54973 [main] DEBUG ru.nsu.gordin.Model  - int Model.getX()
54973 [main] DEBUG ru.nsu.gordin.Model  - int Model.getX()
54973 [main] DEBUG ru.nsu.gordin.Model  - int Model.getX()
54974 [main] DEBUG ru.nsu.gordin.Model  - int Model.getX()
54974 [main] DEBUG ru.nsu.gordin.Model  - int Model.getX()
54974 [main] DEBUG ru.nsu.gordin.Model  - int Model.getX()
54974 [main] DEBUG ru.nsu.gordin.Model  - int Model.getX()
54974 [main] DEBUG ru.nsu.gordin.Model  - int Model.getX()
54974 [main] DEBUG ru.nsu.gordin.Model  - int Model.getX()
54974 [main] DEBUG ru.nsu.gordin.Model  - int Model.getX()
54974 [main] DEBUG ru.nsu.gordin.Model  - int Model.getX()
60997 [main] DEBUG ru.nsu.gordin.AbstractFactory  - Command AbstractFactory.create(String key = EXIT)
61020 [main] DEBUG ru.nsu.gordin.Viewer  - void Viewer.printMessage(String = Bye)
0    [main] DEBUG ru.nsu.gordin.Main  - DEBUUUUGGG
2    [main] INFO  ru.nsu.gordin.Main  - creating factory
5    [main] INFO  ru.nsu.gordin.Main  - factory init
5    [main] DEBUG ru.nsu.gordin.AbstractFactory  - void AbstractFactory.init(String filename = ru/nsu/gordin/initFile)
44   [main] INFO  ru.nsu.gordin.Main  - creating controller
46   [main] INFO  ru.nsu.gordin.Main  - creating viewer
49   [main] INFO  ru.nsu.gordin.Main  - controller run...
49   [main] DEBUG ru.nsu.gordin.Controller  - void Controller.run(Abstract factory fact = ru.nsu.gordin.AbstractFactory@43ee1619, Viewer viewer = ru.nsu.gordin.Viewer@43ece626)
26116 [main] DEBUG ru.nsu.gordin.Viewer  - void Viewer.printMessage(String = Not initialized, try again)
26117 [main] DEBUG ru.nsu.gordin.Viewer  - void Viewer.printMessage(String = Not initialized, try again)
26117 [main] DEBUG ru.nsu.gordin.Viewer  - void Viewer.printMessage(String = Not initialized, try again)
26117 [main] DEBUG ru.nsu.gordin.Viewer  - void Viewer.printMessage(String = Not initialized, try again)
26117 [main] DEBUG ru.nsu.gordin.Viewer  - void Viewer.printMessage(String = Not initialized, try again)
26117 [main] DEBUG ru.nsu.gordin.Viewer  - void Viewer.printMessage(String = Not initialized, try again)
26118 [main] DEBUG ru.nsu.gordin.Viewer  - void Viewer.printMessage(String = Not initialized, try again)
26118 [main] DEBUG ru.nsu.gordin.Viewer  - void Viewer.printMessage(String = Not initialized, try again)
0    [main] DEBUG ru.nsu.gordin.Main  - DEBUUUUGGG
13   [main] INFO  ru.nsu.gordin.Main  - creating factory
19   [main] INFO  ru.nsu.gordin.Main  - factory init
19   [main] DEBUG ru.nsu.gordin.AbstractFactory  - void AbstractFactory.init(String filename = ru/nsu/gordin/initFile)
23   [main] INFO  ru.nsu.gordin.Main  - creating controller
25   [main] INFO  ru.nsu.gordin.Main  - creating viewer
27   [main] INFO  ru.nsu.gordin.Main  - controller run...
27   [main] DEBUG ru.nsu.gordin.Controller  - void Controller.run(Abstract factory fact = ru.nsu.gordin.AbstractFactory@75f9eba0, Viewer viewer = ru.nsu.gordin.Viewer@6adc91e2)
59530 [main] DEBUG ru.nsu.gordin.Viewer  - void Viewer.printMessage(String = Not initialized, try again)
59530 [main] DEBUG ru.nsu.gordin.Viewer  - void Viewer.printMessage(String = Not initialized, try again)
59531 [main] DEBUG ru.nsu.gordin.Viewer  - void Viewer.printMessage(String = Not initialized, try again)
59531 [main] DEBUG ru.nsu.gordin.Viewer  - void Viewer.printMessage(String = Not initialized, try again)
59531 [main] DEBUG ru.nsu.gordin.Viewer  - void Viewer.printMessage(String = Not initialized, try again)
59531 [main] DEBUG ru.nsu.gordin.Viewer  - void Viewer.printMessage(String = Not initialized, try again)
59531 [main] DEBUG ru.nsu.gordin.Viewer  - void Viewer.printMessage(String = Not initialized, try again)
59531 [main] DEBUG ru.nsu.gordin.Viewer  - void Viewer.printMessage(String = Not initialized, try again)
59531 [main] DEBUG ru.nsu.gordin.Viewer  - void Viewer.printMessage(String = Not initialized, try again)
59531 [main] DEBUG ru.nsu.gordin.Viewer  - void Viewer.printMessage(String = Not initialized, try again)
59532 [main] DEBUG ru.nsu.gordin.Viewer  - void Viewer.printMessage(String = Not initialized, try again)
59532 [main] DEBUG ru.nsu.gordin.Viewer  - void Viewer.printMessage(String = Not initialized, try again)
59532 [main] DEBUG ru.nsu.gordin.Viewer  - void Viewer.printMessage(String = Not initialized, try again)
59532 [main] DEBUG ru.nsu.gordin.Viewer  - void Viewer.printMessage(String = Not initialized, try again)
59532 [main] DEBUG ru.nsu.gordin.Viewer  - void Viewer.printMessage(String = Not initialized, try again)
59532 [main] DEBUG ru.nsu.gordin.Viewer  - void Viewer.printMessage(String = Not initialized, try again)
59532 [main] DEBUG ru.nsu.gordin.Viewer  - void Viewer.printMessage(String = Not initialized, try again)
59532 [main] DEBUG ru.nsu.gordin.Viewer  - void Viewer.printMessage(String = Not initialized, try again)
59532 [main] DEBUG ru.nsu.gordin.Viewer  - void Viewer.printMessage(String = Not initialized, try again)
59533 [main] DEBUG ru.nsu.gordin.Viewer  - void Viewer.printMessage(String = Not initialized, try again)
59533 [main] DEBUG ru.nsu.gordin.Viewer  - void Viewer.printMessage(String = Not initialized, try again)
59533 [main] DEBUG ru.nsu.gordin.Viewer  - void Viewer.printMessage(String = Not initialized, try again)
59533 [main] DEBUG ru.nsu.gordin.Viewer  - void Viewer.printMessage(String = Not initialized, try again)
59533 [main] DEBUG ru.nsu.gordin.Viewer  - void Viewer.printMessage(String = Not initialized, try again)
59533 [main] DEBUG ru.nsu.gordin.Viewer  - void Viewer.printMessage(String = Not initialized, try again)
59533 [main] DEBUG ru.nsu.gordin.Viewer  - void Viewer.printMessage(String = Not initialized, try again)
59533 [main] DEBUG ru.nsu.gordin.Viewer  - void Viewer.printMessage(String = Not initialized, try again)
59535 [main] DEBUG ru.nsu.gordin.Viewer  - void Viewer.printMessage(String = Not initialized, try again)
59535 [main] DEBUG ru.nsu.gordin.Viewer  - void Viewer.printMessage(String = Not initialized, try again)
59537 [main] DEBUG ru.nsu.gordin.Viewer  - void Viewer.printMessage(String = Not initialized, try again)
59537 [main] DEBUG ru.nsu.gordin.Viewer  - void Viewer.printMessage(String = Not initialized, try again)
59538 [main] DEBUG ru.nsu.gordin.Viewer  - void Viewer.printMessage(String = Not initialized, try again)
59538 [main] DEBUG ru.nsu.gordin.Viewer  - void Viewer.printMessage(String = Not initialized, try again)
59538 [main] DEBUG ru.nsu.gordin.Viewer  - void Viewer.printMessage(String = Not initialized, try again)
59538 [main] DEBUG ru.nsu.gordin.Viewer  - void Viewer.printMessage(String = Not initialized, try again)
59539 [main] DEBUG ru.nsu.gordin.Viewer  - void Viewer.printMessage(String = Not initialized, try again)
59539 [main] DEBUG ru.nsu.gordin.Viewer  - void Viewer.printMessage(String = Not initialized, try again)
59539 [main] DEBUG ru.nsu.gordin.Viewer  - void Viewer.printMessage(String = Not initialized, try again)
0    [main] DEBUG ru.nsu.gordin.Main  - DEBUUUUGGG
20   [main] INFO  ru.nsu.gordin.Main  - creating factory
84   [main] INFO  ru.nsu.gordin.Main  - factory init
84   [main] DEBUG ru.nsu.gordin.AbstractFactory  - void AbstractFactory.init(String filename = ru/nsu/gordin/initFile)
164  [main] INFO  ru.nsu.gordin.Main  - creating controller
216  [main] INFO  ru.nsu.gordin.Main  - creating viewer
229  [main] INFO  ru.nsu.gordin.Main  - controller run...
229  [main] DEBUG ru.nsu.gordin.Controller  - void Controller.run(Abstract factory fact = ru.nsu.gordin.AbstractFactory@75f9eba0, Viewer viewer = ru.nsu.gordin.Viewer@6adc91e2)
5413 [main] DEBUG ru.nsu.gordin.AbstractFactory  - Command AbstractFactory.create(String key = INIT)
5470 [main] DEBUG ru.nsu.gordin.Model  - boolean Model.init(int width = 20, int heigth = 20, int x1 = 3, int y1 = 3)
5471 [main] DEBUG ru.nsu.gordin.Viewer  - void Viewer.print(Model = ru.nsu.gordin.Model@5b9b8858)
5471 [main] DEBUG ru.nsu.gordin.Model  - char[][] Model.getField()
5471 [main] DEBUG ru.nsu.gordin.Model  - int Model.getX()
5471 [main] DEBUG ru.nsu.gordin.Model  - int Model.getX()
5471 [main] DEBUG ru.nsu.gordin.Model  - int Model.getX()
5471 [main] DEBUG ru.nsu.gordin.Model  - int Model.getX()
5471 [main] DEBUG ru.nsu.gordin.Model  - int Model.getY()
5471 [main] DEBUG ru.nsu.gordin.Model  - int Model.getY()
5471 [main] DEBUG ru.nsu.gordin.Model  - int Model.getY()
5472 [main] DEBUG ru.nsu.gordin.Model  - int Model.getY()
5472 [main] DEBUG ru.nsu.gordin.Model  - int Model.getY()
5472 [main] DEBUG ru.nsu.gordin.Model  - int Model.getY()
5472 [main] DEBUG ru.nsu.gordin.Model  - int Model.getY()
5472 [main] DEBUG ru.nsu.gordin.Model  - int Model.getY()
5472 [main] DEBUG ru.nsu.gordin.Model  - int Model.getY()
5472 [main] DEBUG ru.nsu.gordin.Model  - int Model.getY()
5472 [main] DEBUG ru.nsu.gordin.Model  - int Model.getY()
5472 [main] DEBUG ru.nsu.gordin.Model  - int Model.getY()
5472 [main] DEBUG ru.nsu.gordin.Model  - int Model.getY()
5472 [main] DEBUG ru.nsu.gordin.Model  - int Model.getY()
5472 [main] DEBUG ru.nsu.gordin.Model  - int Model.getY()
5472 [main] DEBUG ru.nsu.gordin.Model  - int Model.getY()
5472 [main] DEBUG ru.nsu.gordin.Model  - int Model.getY()
5473 [main] DEBUG ru.nsu.gordin.Model  - int Model.getY()
5473 [main] DEBUG ru.nsu.gordin.Model  - int Model.getY()
5473 [main] DEBUG ru.nsu.gordin.Model  - int Model.getY()
5473 [main] DEBUG ru.nsu.gordin.Model  - int Model.getX()
5473 [main] DEBUG ru.nsu.gordin.Model  - int Model.getX()
5473 [main] DEBUG ru.nsu.gordin.Model  - int Model.getX()
5473 [main] DEBUG ru.nsu.gordin.Model  - int Model.getX()
5473 [main] DEBUG ru.nsu.gordin.Model  - int Model.getX()
5473 [main] DEBUG ru.nsu.gordin.Model  - int Model.getX()
5473 [main] DEBUG ru.nsu.gordin.Model  - int Model.getX()
5473 [main] DEBUG ru.nsu.gordin.Model  - int Model.getX()
5473 [main] DEBUG ru.nsu.gordin.Model  - int Model.getX()
5474 [main] DEBUG ru.nsu.gordin.Model  - int Model.getX()
5474 [main] DEBUG ru.nsu.gordin.Model  - int Model.getX()
5474 [main] DEBUG ru.nsu.gordin.Model  - int Model.getX()
5474 [main] DEBUG ru.nsu.gordin.Model  - int Model.getX()
5474 [main] DEBUG ru.nsu.gordin.Model  - int Model.getX()
5474 [main] DEBUG ru.nsu.gordin.Model  - int Model.getX()
5474 [main] DEBUG ru.nsu.gordin.Model  - int Model.getX()
7446 [main] DEBUG ru.nsu.gordin.AbstractFactory  - Command AbstractFactory.create(String key = null)
7447 [main] DEBUG ru.nsu.gordin.Viewer  - void Viewer.printMessage(String = command not found)
7448 [main] DEBUG ru.nsu.gordin.AbstractFactory  - Command AbstractFactory.create(String key = null)
7448 [main] DEBUG ru.nsu.gordin.Viewer  - void Viewer.printMessage(String = command not found)
7448 [main] DEBUG ru.nsu.gordin.AbstractFactory  - Command AbstractFactory.create(String key = null)
7449 [main] DEBUG ru.nsu.gordin.Viewer  - void Viewer.printMessage(String = command not found)
7451 [main] DEBUG ru.nsu.gordin.AbstractFactory  - Command AbstractFactory.create(String key = null)
7451 [main] DEBUG ru.nsu.gordin.Viewer  - void Viewer.printMessage(String = command not found)
7452 [main] DEBUG ru.nsu.gordin.AbstractFactory  - Command AbstractFactory.create(String key = null)
7452 [main] DEBUG ru.nsu.gordin.Viewer  - void Viewer.printMessage(String = command not found)
7453 [main] DEBUG ru.nsu.gordin.AbstractFactory  - Command AbstractFactory.create(String key = null)
7453 [main] DEBUG ru.nsu.gordin.Viewer  - void Viewer.printMessage(String = command not found)
7454 [main] DEBUG ru.nsu.gordin.AbstractFactory  - Command AbstractFactory.create(String key = null)
0    [main] DEBUG ru.nsu.gordin.Main  - DEBUUUUGGG
2    [main] INFO  ru.nsu.gordin.Main  - creating factory
32   [main] INFO  ru.nsu.gordin.Main  - factory init
33   [main] DEBUG ru.nsu.gordin.AbstractFactory  - void AbstractFactory.init(String filename = ru/nsu/gordin/initFile)
0    [main] DEBUG ru.nsu.gordin.Main  - DEBUUUUGGG
2    [main] INFO  ru.nsu.gordin.Main  - creating factory
7    [main] INFO  ru.nsu.gordin.Main  - factory init
7    [main] DEBUG ru.nsu.gordin.AbstractFactory  - void AbstractFactory.init(String filename = ru/nsu/gordin/initFile)
0    [main] DEBUG ru.nsu.gordin.AbstractFactory  - void AbstractFactory.init(String filename = initFile)
0    [main] DEBUG ru.nsu.gordin.AbstractFactory  - void AbstractFactory.init(String filename = ~/IdeaProjects/logoworld/src/ru/nsu/gordin/IinitFile)
0    [main] DEBUG ru.nsu.gordin.AbstractFactory  - void AbstractFactory.init(String filename = ~/IdeaProjects/logoworld/src/ru/nsu/gordin/initFile)
0    [main] DEBUG ru.nsu.gordin.AbstractFactory  - void AbstractFactory.init(String filename = /home/gormakc/IdeaProjects/logoworld/src/ru/nsu/gordin/initFile)
0    [main] DEBUG ru.nsu.gordin.AbstractFactory  - void AbstractFactory.init(String filename = /home/gormakc/IdeaProjects/logoworld/src/ru/nsu/gordin/initFile)
0    [main] DEBUG ru.nsu.gordin.AbstractFactory  - void AbstractFactory.init(String filename = /home/gormakc/IdeaProjects/logoworld/src/ru/nsu/gordin/initFile)
0    [main] DEBUG ru.nsu.gordin.AbstractFactory  - void AbstractFactory.init(String filename = /home/gormakc/IdeaProjects/logoworld/src/ru/nsu/gordin/initFile)
0    [main] DEBUG ru.nsu.gordin.AbstractFactory  - void AbstractFactory.init(String filename = /home/gormakc/IdeaProjects/logoworld/src/ru/nsu/gordin/initFile)
0    [main] DEBUG ru.nsu.gordin.AbstractFactory  - void AbstractFactory.init(String filename = /home/gormakc/IdeaProjects/logoworld/src/ru/nsu/gordin/initFile)
0    [main] DEBUG ru.nsu.gordin.AbstractFactory  - void AbstractFactory.init(String filename = /home/gormakc/IdeaProjects/logoworld/src/ru/nsu/gordin/initFile)
0    [main] DEBUG ru.nsu.gordin.AbstractFactory  - void AbstractFactory.init(String filename = /home/gormakc/IdeaProjects/logoworld/src/ru/nsu/gordin/initFile)
0    [main] DEBUG ru.nsu.gordin.AbstractFactory  - void AbstractFactory.init(String filename = ./src/ru/nsu/gordin/initFile)
0    [main] DEBUG ru.nsu.gordin.AbstractFactory  - void AbstractFactory.init(String filename = ./src/ru/nsu/gordin/initFile)
0    [main] DEBUG ru.nsu.gordin.Main  - DEBUUUUGGG
2    [main] INFO  ru.nsu.gordin.Main  - creating factory
3    [main] INFO  ru.nsu.gordin.Main  - factory init
4    [main] DEBUG ru.nsu.gordin.AbstractFactory  - void AbstractFactory.init(String filename = ru/nsu/gordin/initFile)
7    [main] INFO  ru.nsu.gordin.Main  - creating controller
14   [main] INFO  ru.nsu.gordin.Main  - creating viewer
27   [main] INFO  ru.nsu.gordin.Main  - controller run...
27   [main] DEBUG ru.nsu.gordin.Controller  - void Controller.run(Abstract factory fact = ru.nsu.gordin.AbstractFactory@43ee1619, Viewer viewer = ru.nsu.gordin.Viewer@43ece626)
17335 [main] DEBUG ru.nsu.gordin.AbstractFactory  - Command AbstractFactory.create(String key = INIT)
17421 [main] DEBUG ru.nsu.gordin.Model  - boolean Model.init(int width = 20, int heigth = 20, int x1 = 3, int y1 = 3)
17421 [main] DEBUG ru.nsu.gordin.Viewer  - void Viewer.print(Model = ru.nsu.gordin.Model@33ff9a48)
17421 [main] DEBUG ru.nsu.gordin.Model  - char[][] Model.getField()
17421 [main] DEBUG ru.nsu.gordin.Model  - int Model.getX()
17421 [main] DEBUG ru.nsu.gordin.Model  - int Model.getX()
17421 [main] DEBUG ru.nsu.gordin.Model  - int Model.getX()
17422 [main] DEBUG ru.nsu.gordin.Model  - int Model.getX()
17422 [main] DEBUG ru.nsu.gordin.Model  - int Model.getY()
17422 [main] DEBUG ru.nsu.gordin.Model  - int Model.getY()
17422 [main] DEBUG ru.nsu.gordin.Model  - int Model.getY()
17422 [main] DEBUG ru.nsu.gordin.Model  - int Model.getY()
17422 [main] DEBUG ru.nsu.gordin.Model  - int Model.getY()
17422 [main] DEBUG ru.nsu.gordin.Model  - int Model.getY()
17422 [main] DEBUG ru.nsu.gordin.Model  - int Model.getY()
17422 [main] DEBUG ru.nsu.gordin.Model  - int Model.getY()
17422 [main] DEBUG ru.nsu.gordin.Model  - int Model.getY()
17422 [main] DEBUG ru.nsu.gordin.Model  - int Model.getY()
17422 [main] DEBUG ru.nsu.gordin.Model  - int Model.getY()
17422 [main] DEBUG ru.nsu.gordin.Model  - int Model.getY()
17423 [main] DEBUG ru.nsu.gordin.Model  - int Model.getY()
17423 [main] DEBUG ru.nsu.gordin.Model  - int Model.getY()
17423 [main] DEBUG ru.nsu.gordin.Model  - int Model.getY()
17423 [main] DEBUG ru.nsu.gordin.Model  - int Model.getY()
17423 [main] DEBUG ru.nsu.gordin.Model  - int Model.getY()
17423 [main] DEBUG ru.nsu.gordin.Model  - int Model.getY()
17423 [main] DEBUG ru.nsu.gordin.Model  - int Model.getY()
17423 [main] DEBUG ru.nsu.gordin.Model  - int Model.getY()
17423 [main] DEBUG ru.nsu.gordin.Model  - int Model.getX()
17423 [main] DEBUG ru.nsu.gordin.Model  - int Model.getX()
17423 [main] DEBUG ru.nsu.gordin.Model  - int Model.getX()
17423 [main] DEBUG ru.nsu.gordin.Model  - int Model.getX()
17423 [main] DEBUG ru.nsu.gordin.Model  - int Model.getX()
17423 [main] DEBUG ru.nsu.gordin.Model  - int Model.getX()
17424 [main] DEBUG ru.nsu.gordin.Model  - int Model.getX()
17424 [main] DEBUG ru.nsu.gordin.Model  - int Model.getX()
17424 [main] DEBUG ru.nsu.gordin.Model  - int Model.getX()
17424 [main] DEBUG ru.nsu.gordin.Model  - int Model.getX()
17424 [main] DEBUG ru.nsu.gordin.Model  - int Model.getX()
17424 [main] DEBUG ru.nsu.gordin.Model  - int Model.getX()
17424 [main] DEBUG ru.nsu.gordin.Model  - int Model.getX()
17424 [main] DEBUG ru.nsu.gordin.Model  - int Model.getX()
17424 [main] DEBUG ru.nsu.gordin.Model  - int Model.getX()
17424 [main] DEBUG ru.nsu.gordin.Model  - int Model.getX()
0    [main] DEBUG ru.nsu.gordin.AbstractFactory  - void AbstractFactory.init(String filename = ./src/ru/nsu/gordin/initFile)
0    [main] DEBUG ru.nsu.gordin.AbstractFactory  - void AbstractFactory.init(String filename = ./src/ru/nsu/gordin/initFile)
0    [main] DEBUG ru.nsu.gordin.AbstractFactory  - void AbstractFactory.init(String filename = ./src/ru/nsu/gordin/initFile)
1    [main] DEBUG ru.nsu.gordin.AbstractFactory  - void AbstractFactory.init(String filename = ./src/ru/nsu/gordin/initFile)
0    [main] DEBUG ru.nsu.gordin.AbstractFactory  - void AbstractFactory.init(String filename = ./src/ru/nsu/gordin/initFile)
5430 [main] DEBUG ru.nsu.gordin.AbstractFactory  - Command AbstractFactory.create(String key = TELE#@@#PORT)
0    [main] DEBUG ru.nsu.gordin.AbstractFactory  - void AbstractFactory.init(String filename = ./src/ru/nsu/gordin/initFile)
0    [main] DEBUG ru.nsu.gordin.AbstractFactory  - void AbstractFactory.init(String filename = ./src/ru/nsu/gordin/initFile)
2    [main] DEBUG ru.nsu.gordin.AbstractFactory  - Command AbstractFactory.create(String key = TELE#@@#PORT)
0    [main] DEBUG ru.nsu.gordin.AbstractFactory  - void AbstractFactory.init(String filename = ./src/ru/nsu/gordin/initFile)
2    [main] DEBUG ru.nsu.gordin.AbstractFactory  - Command AbstractFactory.create(String key = TELE#@@#PORT)
0    [main] DEBUG ru.nsu.gordin.AbstractFactory  - void AbstractFactory.init(String filename = ./src/ru/nsu/gordin/initFile)
2    [main] DEBUG ru.nsu.gordin.AbstractFactory  - Command AbstractFactory.create(String key = TELE#@@#PORT)
720752 [main] DEBUG ru.nsu.gordin.AbstractFactory  - Command AbstractFactory.create(String key = null)
720752 [main] DEBUG ru.nsu.gordin.Viewer  - void Viewer.printMessage(String = command not found)
720752 [main] DEBUG ru.nsu.gordin.AbstractFactory  - Command AbstractFactory.create(String key = null)
720752 [main] DEBUG ru.nsu.gordin.Viewer  - void Viewer.printMessage(String = command not found)
720752 [main] DEBUG ru.nsu.gordin.AbstractFactory  - Command AbstractFactory.create(String key = null)
720752 [main] DEBUG ru.nsu.gordin.Viewer  - void Viewer.printMessage(String = command not found)
720753 [main] DEBUG ru.nsu.gordin.AbstractFactory  - Command AbstractFactory.create(String key = null)
720753 [main] DEBUG ru.nsu.gordin.Viewer  - void Viewer.printMessage(String = command not found)
720753 [main] DEBUG ru.nsu.gordin.AbstractFactory  - Command AbstractFactory.create(String key = null)
720753 [main] DEBUG ru.nsu.gordin.Viewer  - void Viewer.printMessage(String = command not found)
720753 [main] DEBUG ru.nsu.gordin.AbstractFactory  - Command AbstractFactory.create(String key = null)
720753 [main] DEBUG ru.nsu.gordin.Viewer  - void Viewer.printMessage(String = command not found)
720753 [main] DEBUG ru.nsu.gordin.AbstractFactory  - Command AbstractFactory.create(String key = null)
720753 [main] DEBUG ru.nsu.gordin.Viewer  - void Viewer.printMessage(String = command not found)
720753 [main] DEBUG ru.nsu.gordin.AbstractFactory  - Command AbstractFactory.create(String key = null)
720753 [main] DEBUG ru.nsu.gordin.Viewer  - void Viewer.printMessage(String = command not found)
720754 [main] DEBUG ru.nsu.gordin.AbstractFactory  - Command AbstractFactory.create(String key = null)
720754 [main] DEBUG ru.nsu.gordin.Viewer  - void Viewer.printMessage(String = command not found)
720754 [main] DEBUG ru.nsu.gordin.AbstractFactory  - Command AbstractFactory.create(String key = null)
720754 [main] DEBUG ru.nsu.gordin.Viewer  - void Viewer.printMessage(String = command not found)
720754 [main] DEBUG ru.nsu.gordin.AbstractFactory  - Command AbstractFactory.create(String key = null)
720754 [main] DEBUG ru.nsu.gordin.Viewer  - void Viewer.printMessage(String = command not found)
720754 [main] DEBUG ru.nsu.gordin.AbstractFactory  - Command AbstractFactory.create(String key = null)
720754 [main] DEBUG ru.nsu.gordin.Viewer  - void Viewer.printMessage(String = command not found)
720755 [main] DEBUG ru.nsu.gordin.AbstractFactory  - Command AbstractFactory.create(String key = null)
720755 [main] DEBUG ru.nsu.gordin.Viewer  - void Viewer.printMessage(String = command not found)
720756 [main] DEBUG ru.nsu.gordin.AbstractFactory  - Command AbstractFactory.create(String key = null)
720756 [main] DEBUG ru.nsu.gordin.Viewer  - void Viewer.printMessage(String = command not found)
720756 [main] DEBUG ru.nsu.gordin.AbstractFactory  - Command AbstractFactory.create(String key = null)
720758 [main] DEBUG ru.nsu.gordin.Viewer  - void Viewer.printMessage(String = command not found)
720759 [main] DEBUG ru.nsu.gordin.AbstractFactory  - Command AbstractFactory.create(String key = null)
720759 [main] DEBUG ru.nsu.gordin.Viewer  - void Viewer.printMessage(String = command not found)
720759 [main] DEBUG ru.nsu.gordin.AbstractFactory  - Command AbstractFactory.create(String key = null)
720759 [main] DEBUG ru.nsu.gordin.Viewer  - void Viewer.printMessage(String = command not found)
720759 [main] DEBUG ru.nsu.gordin.AbstractFactory  - Command AbstractFactory.create(String key = null)
720759 [main] DEBUG ru.nsu.gordin.Viewer  - void Viewer.printMessage(String = command not found)
720760 [main] DEBUG ru.nsu.gordin.AbstractFactory  - Command AbstractFactory.create(String key = null)
720760 [main] DEBUG ru.nsu.gordin.Viewer  - void Viewer.printMessage(String = command not found)
720760 [main] DEBUG ru.nsu.gordin.AbstractFactory  - Command AbstractFactory.create(String key = null)
720760 [main] DEBUG ru.nsu.gordin.Viewer  - void Viewer.printMessage(String = command not found)
720760 [main] DEBUG ru.nsu.gordin.AbstractFactory  - Command AbstractFactory.create(String key = null)
720760 [main] DEBUG ru.nsu.gordin.Viewer  - void Viewer.printMessage(String = command not found)
720760 [main] DEBUG ru.nsu.gordin.AbstractFactory  - Command AbstractFactory.create(String key = null)
720760 [main] DEBUG ru.nsu.gordin.Viewer  - void Viewer.printMessage(String = command not found)
720761 [main] DEBUG ru.nsu.gordin.AbstractFactory  - Command AbstractFactory.create(String key = null)
720761 [main] DEBUG ru.nsu.gordin.Viewer  - void Viewer.printMessage(String = command not found)
720761 [main] DEBUG ru.nsu.gordin.AbstractFactory  - Command AbstractFactory.create(String key = null)
720761 [main] DEBUG ru.nsu.gordin.Viewer  - void Viewer.printMessage(String = command not found)
720763 [main] DEBUG ru.nsu.gordin.AbstractFactory  - Command AbstractFactory.create(String key = null)
720763 [main] DEBUG ru.nsu.gordin.Viewer  - void Viewer.printMessage(String = command not found)
720764 [main] DEBUG ru.nsu.gordin.AbstractFactory  - Command AbstractFactory.create(String key = null)
720765 [main] DEBUG ru.nsu.gordin.Viewer  - void Viewer.printMessage(String = command not found)
720765 [main] DEBUG ru.nsu.gordin.AbstractFactory  - Command AbstractFactory.create(String key = null)
720766 [main] DEBUG ru.nsu.gordin.Viewer  - void Viewer.printMessage(String = command not found)
720766 [main] DEBUG ru.nsu.gordin.AbstractFactory  - Command AbstractFactory.create(String key = null)
0    [main] DEBUG ru.nsu.gordin.AbstractFactory  - void AbstractFactory.init(String filename = ./src/ru/nsu/gordin/initFile)
2    [main] DEBUG ru.nsu.gordin.AbstractFactory  - Command AbstractFactory.create(String key = TELE#@@#PORT)
0    [main] DEBUG ru.nsu.gordin.AbstractFactory  - void AbstractFactory.init(String filename = ./src/ru/nsu/gordin/initFile)
2    [main] DEBUG ru.nsu.gordin.AbstractFactory  - Command AbstractFactory.create(String key = TELE#@@#PORT)
0    [main] DEBUG ru.nsu.gordin.AbstractFactory  - void AbstractFactory.init(String filename = ./src/ru/nsu/gordin/initFile)
2    [main] DEBUG ru.nsu.gordin.AbstractFactory  - Command AbstractFactory.create(String key = TELE#@@#PORT)
0    [main] DEBUG ru.nsu.gordin.AbstractFactory  - void AbstractFactory.init(String filename = ./src/ru/nsu/gordin/initFile)
2    [main] DEBUG ru.nsu.gordin.AbstractFactory  - Command AbstractFactory.create(String key = TELE#@@#PORT)
0    [main] DEBUG ru.nsu.gordin.AbstractFactory  - void AbstractFactory.init(String filename = ./src/ru/nsu/gordin/initFile)
2    [main] DEBUG ru.nsu.gordin.AbstractFactory  - Command AbstractFactory.create(String key = TELE#@@#PORT)
0    [main] DEBUG ru.nsu.gordin.AbstractFactory  - void AbstractFactory.init(String filename = ./src/ru/nsu/gordin/initFile)
2    [main] DEBUG ru.nsu.gordin.AbstractFactory  - Command AbstractFactory.create(String key = TELE#@@#PORT)
0    [main] DEBUG ru.nsu.gordin.AbstractFactory  - void AbstractFactory.init(String filename = ./src/ru/nsu/gordin/initFile)
2    [main] DEBUG ru.nsu.gordin.AbstractFactory  - Command AbstractFactory.create(String key = TELE#@@#PORT)
4    [main] DEBUG ru.nsu.gordin.AbstractFactory  - void AbstractFactory.init(String filename = dwq)
0    [main] DEBUG ru.nsu.gordin.AbstractFactory  - void AbstractFactory.init(String filename = ./src/ru/nsu/gordin/initFile)
2    [main] DEBUG ru.nsu.gordin.AbstractFactory  - Command AbstractFactory.create(String key = TELE#@@#PORT)
4    [main] DEBUG ru.nsu.gordin.AbstractFactory  - void AbstractFactory.init(String filename = dwq)
0    [main] DEBUG ru.nsu.gordin.AbstractFactory  - void AbstractFactory.init(String filename = dwq)
10   [main] DEBUG ru.nsu.gordin.AbstractFactory  - void AbstractFactory.init(String filename = ./src/ru/nsu/gordin/initFile)
0    [main] DEBUG ru.nsu.gordin.AbstractFactory  - void AbstractFactory.init(String filename = ./src/ru/nsu/gordin/initFile)
3    [main] DEBUG ru.nsu.gordin.AbstractFactory  - Command AbstractFactory.create(String key = TELE#@@#PORT)
7344 [main] DEBUG ru.nsu.gordin.AbstractFactory  - void AbstractFactory.init(String filename = dwq)
0    [main] DEBUG ru.nsu.gordin.AbstractFactory  - void AbstractFactory.init(String filename = dwq)
28   [main] DEBUG ru.nsu.gordin.AbstractFactory  - void AbstractFactory.init(String filename = ./src/ru/nsu/gordin/initFile)
29   [main] DEBUG ru.nsu.gordin.AbstractFactory  - Command AbstractFactory.create(String key = TELE#@@#PORT)
0    [main] DEBUG ru.nsu.gordin.AbstractFactory  - void AbstractFactory.init(String filename = ./src/ru/nsu/gordin/initFile)
1    [main] DEBUG ru.nsu.gordin.AbstractFactory  - Command AbstractFactory.create(String key = TELE#@@#PORT)
2    [main] DEBUG ru.nsu.gordin.AbstractFactory  - Command AbstractFactory.create(String key = )
2    [main] DEBUG ru.nsu.gordin.AbstractFactory  - Command AbstractFactory.create(String key = TELEPORT we we)
2    [main] DEBUG ru.nsu.gordin.AbstractFactory  - Command AbstractFactory.create(String key = INIT qwd qwe)
2    [main] DEBUG ru.nsu.gordin.AbstractFactory  - Command AbstractFactory.create(String key = DRAW 32 q)
2    [main] DEBUG ru.nsu.gordin.AbstractFactory  - Command AbstractFactory.create(String key = WARD e#)
2    [main] DEBUG ru.nsu.gordin.AbstractFactory  - Command AbstractFactory.create(String key = MOVE 32 s)
15   [main] DEBUG ru.nsu.gordin.AbstractFactory  - Command AbstractFactory.create(String key = MOVE D D)
0    [main] DEBUG ru.nsu.gordin.Model  - boolean Model.init(int width = 20, int heigth = 30, int x1 = 4, int y1 = 3)
2    [main] DEBUG ru.nsu.gordin.Model  - int Model.getY()
2    [main] DEBUG ru.nsu.gordin.Model  - int Model.getX()
2    [main] DEBUG ru.nsu.gordin.Model  - char[][] Model.getField()
2    [main] DEBUG ru.nsu.gordin.Model  - char[][] Model.getField()
5    [main] DEBUG ru.nsu.gordin.Model  - void Model.step(String direction  = D)
5    [main] DEBUG ru.nsu.gordin.Model  - void Model.step(String direction  = D)
5    [main] DEBUG ru.nsu.gordin.Model  - void Model.step(String direction  = D)
5    [main] DEBUG ru.nsu.gordin.Model  - void Model.step(String direction  = D)
5    [main] DEBUG ru.nsu.gordin.Model  - void Model.step(String direction  = D)
5    [main] DEBUG ru.nsu.gordin.Model  - int Model.getY()
36   [main] DEBUG ru.nsu.gordin.AbstractFactory  - void AbstractFactory.init(String filename = ./src/ru/nsu/gordin/initFile)
37   [main] DEBUG ru.nsu.gordin.AbstractFactory  - Command AbstractFactory.create(String key = TELE#@@#PORT)
37   [main] DEBUG ru.nsu.gordin.AbstractFactory  - Command AbstractFactory.create(String key = )
37   [main] DEBUG ru.nsu.gordin.AbstractFactory  - Command AbstractFactory.create(String key = TELEPORT we we)
37   [main] DEBUG ru.nsu.gordin.AbstractFactory  - Command AbstractFactory.create(String key = INIT qwd qwe)
37   [main] DEBUG ru.nsu.gordin.AbstractFactory  - Command AbstractFactory.create(String key = DRAW 32 q)
37   [main] DEBUG ru.nsu.gordin.AbstractFactory  - Command AbstractFactory.create(String key = WARD e#)
37   [main] DEBUG ru.nsu.gordin.AbstractFactory  - Command AbstractFactory.create(String key = MOVE 32 s)
37   [main] DEBUG ru.nsu.gordin.AbstractFactory  - Command AbstractFactory.create(String key = MOVE D D)
0    [main] DEBUG ru.nsu.gordin.Model  - boolean Model.init(int width = 20, int heigth = 30, int x1 = 4, int y1 = 3)
2    [main] DEBUG ru.nsu.gordin.Model  - int Model.getY()
2    [main] DEBUG ru.nsu.gordin.Model  - int Model.getX()
2    [main] DEBUG ru.nsu.gordin.Model  - char[][] Model.getField()
2    [main] DEBUG ru.nsu.gordin.Model  - char[][] Model.getField()
4    [main] DEBUG ru.nsu.gordin.Model  - void Model.step(String direction  = D)
5    [main] DEBUG ru.nsu.gordin.Model  - void Model.step(String direction  = D)
5    [main] DEBUG ru.nsu.gordin.Model  - void Model.step(String direction  = D)
5    [main] DEBUG ru.nsu.gordin.Model  - void Model.step(String direction  = D)
5    [main] DEBUG ru.nsu.gordin.Model  - void Model.step(String direction  = D)
5    [main] DEBUG ru.nsu.gordin.Model  - int Model.getX()
25   [main] DEBUG ru.nsu.gordin.AbstractFactory  - void AbstractFactory.init(String filename = ./src/ru/nsu/gordin/initFile)
26   [main] DEBUG ru.nsu.gordin.AbstractFactory  - Command AbstractFactory.create(String key = TELE#@@#PORT)
26   [main] DEBUG ru.nsu.gordin.AbstractFactory  - Command AbstractFactory.create(String key = )
26   [main] DEBUG ru.nsu.gordin.AbstractFactory  - Command AbstractFactory.create(String key = TELEPORT we we)
26   [main] DEBUG ru.nsu.gordin.AbstractFactory  - Command AbstractFactory.create(String key = INIT qwd qwe)
26   [main] DEBUG ru.nsu.gordin.AbstractFactory  - Command AbstractFactory.create(String key = DRAW 32 q)
26   [main] DEBUG ru.nsu.gordin.AbstractFactory  - Command AbstractFactory.create(String key = WARD e#)
26   [main] DEBUG ru.nsu.gordin.AbstractFactory  - Command AbstractFactory.create(String key = MOVE 32 s)
26   [main] DEBUG ru.nsu.gordin.AbstractFactory  - Command AbstractFactory.create(String key = MOVE D D)
0    [main] DEBUG ru.nsu.gordin.Model  - boolean Model.init(int width = 20, int heigth = 30, int x1 = 4, int y1 = 3)
2    [main] DEBUG ru.nsu.gordin.Model  - int Model.getY()
2    [main] DEBUG ru.nsu.gordin.Model  - int Model.getX()
2    [main] DEBUG ru.nsu.gordin.Model  - char[][] Model.getField()
2    [main] DEBUG ru.nsu.gordin.Model  - char[][] Model.getField()
5    [main] DEBUG ru.nsu.gordin.Model  - void Model.step(String direction  = D)
5    [main] DEBUG ru.nsu.gordin.Model  - void Model.step(String direction  = D)
5    [main] DEBUG ru.nsu.gordin.Model  - void Model.step(String direction  = D)
5    [main] DEBUG ru.nsu.gordin.Model  - void Model.step(String direction  = D)
5    [main] DEBUG ru.nsu.gordin.Model  - void Model.step(String direction  = D)
5    [main] DEBUG ru.nsu.gordin.Model  - int Model.getY()
5    [main] DEBUG ru.nsu.gordin.Model  - int Model.getX()
5    [main] DEBUG ru.nsu.gordin.Model  - void Model.SetDraw(boolean b = true)
5    [main] DEBUG ru.nsu.gordin.Model  - int Model.getX()
5    [main] DEBUG ru.nsu.gordin.Model  - int Model.getY()
8    [main] DEBUG ru.nsu.gordin.Model  - void Model.step(String direction  = D)
8    [main] DEBUG ru.nsu.gordin.Model  - void Model.step(String direction  = D)
8    [main] DEBUG ru.nsu.gordin.Model  - void Model.step(String direction  = D)
8    [main] DEBUG ru.nsu.gordin.Model  - char[][] Model.getField()
8    [main] DEBUG ru.nsu.gordin.Model  - char[][] Model.getField()
8    [main] DEBUG ru.nsu.gordin.Model  - char[][] Model.getField()
8    [main] DEBUG ru.nsu.gordin.Model  - void Model.SetDraw(boolean b = false)
8    [main] DEBUG ru.nsu.gordin.Model  - int Model.getX()
8    [main] DEBUG ru.nsu.gordin.Model  - int Model.getY()
10   [main] DEBUG ru.nsu.gordin.Model  - void Model.step(String direction  = D)
10   [main] DEBUG ru.nsu.gordin.Model  - void Model.step(String direction  = D)
10   [main] DEBUG ru.nsu.gordin.Model  - void Model.step(String direction  = D)
11   [main] DEBUG ru.nsu.gordin.Model  - char[][] Model.getField()
13   [main] DEBUG ru.nsu.gordin.Model  - void Model.set(int x1 = 15, int y1 = 16)
13   [main] DEBUG ru.nsu.gordin.Model  - int Model.getX()
13   [main] DEBUG ru.nsu.gordin.Model  - int Model.getY()
20   [main] DEBUG ru.nsu.gordin.AbstractFactory  - void AbstractFactory.init(String filename = ./src/ru/nsu/gordin/initFile)
20   [main] DEBUG ru.nsu.gordin.AbstractFactory  - Command AbstractFactory.create(String key = TELE#@@#PORT)
21   [main] DEBUG ru.nsu.gordin.AbstractFactory  - Command AbstractFactory.create(String key = )
21   [main] DEBUG ru.nsu.gordin.AbstractFactory  - Command AbstractFactory.create(String key = TELEPORT we we)
21   [main] DEBUG ru.nsu.gordin.AbstractFactory  - Command AbstractFactory.create(String key = INIT qwd qwe)
21   [main] DEBUG ru.nsu.gordin.AbstractFactory  - Command AbstractFactory.create(String key = DRAW 32 q)
21   [main] DEBUG ru.nsu.gordin.AbstractFactory  - Command AbstractFactory.create(String key = WARD e#)
21   [main] DEBUG ru.nsu.gordin.AbstractFactory  - Command AbstractFactory.create(String key = MOVE 32 s)
21   [main] DEBUG ru.nsu.gordin.AbstractFactory  - Command AbstractFactory.create(String key = MOVE D D)
0    [main] DEBUG ru.nsu.gordin.Controller  - void Controller.run(Abstract factory fact = null, Viewer viewer = ru.nsu.gordin.degenerateViewer@22ef27e3)
6    [main] DEBUG ru.nsu.gordin.AbstractFactory  - void AbstractFactory.init(String filename = dwq)
26   [main] DEBUG ru.nsu.gordin.Model  - boolean Model.init(int width = 20, int heigth = 30, int x1 = 4, int y1 = 3)
26   [main] DEBUG ru.nsu.gordin.Model  - int Model.getY()
26   [main] DEBUG ru.nsu.gordin.Model  - int Model.getX()
26   [main] DEBUG ru.nsu.gordin.Model  - char[][] Model.getField()
26   [main] DEBUG ru.nsu.gordin.Model  - char[][] Model.getField()
28   [main] DEBUG ru.nsu.gordin.Model  - void Model.step(String direction  = D)
28   [main] DEBUG ru.nsu.gordin.Model  - void Model.step(String direction  = D)
28   [main] DEBUG ru.nsu.gordin.Model  - void Model.step(String direction  = D)
29   [main] DEBUG ru.nsu.gordin.Model  - void Model.step(String direction  = D)
29   [main] DEBUG ru.nsu.gordin.Model  - void Model.step(String direction  = D)
29   [main] DEBUG ru.nsu.gordin.Model  - int Model.getY()
29   [main] DEBUG ru.nsu.gordin.Model  - int Model.getX()
29   [main] DEBUG ru.nsu.gordin.Model  - void Model.SetDraw(boolean b = true)
29   [main] DEBUG ru.nsu.gordin.Model  - int Model.getX()
29   [main] DEBUG ru.nsu.gordin.Model  - int Model.getY()
31   [main] DEBUG ru.nsu.gordin.Model  - void Model.step(String direction  = D)
31   [main] DEBUG ru.nsu.gordin.Model  - void Model.step(String direction  = D)
31   [main] DEBUG ru.nsu.gordin.Model  - void Model.step(String direction  = D)
31   [main] DEBUG ru.nsu.gordin.Model  - char[][] Model.getField()
31   [main] DEBUG ru.nsu.gordin.Model  - char[][] Model.getField()
31   [main] DEBUG ru.nsu.gordin.Model  - char[][] Model.getField()
32   [main] DEBUG ru.nsu.gordin.Model  - void Model.SetDraw(boolean b = false)
32   [main] DEBUG ru.nsu.gordin.Model  - int Model.getX()
32   [main] DEBUG ru.nsu.gordin.Model  - int Model.getY()
34   [main] DEBUG ru.nsu.gordin.Model  - void Model.step(String direction  = D)
34   [main] DEBUG ru.nsu.gordin.Model  - void Model.step(String direction  = D)
34   [main] DEBUG ru.nsu.gordin.Model  - void Model.step(String direction  = D)
34   [main] DEBUG ru.nsu.gordin.Model  - char[][] Model.getField()
37   [main] DEBUG ru.nsu.gordin.Model  - void Model.set(int x1 = 15, int y1 = 16)
37   [main] DEBUG ru.nsu.gordin.Model  - int Model.getX()
37   [main] DEBUG ru.nsu.gordin.Model  - int Model.getY()
37   [main] DEBUG ru.nsu.gordin.AbstractFactory  - void AbstractFactory.init(String filename = ./src/ru/nsu/gordin/initFile)
38   [main] DEBUG ru.nsu.gordin.AbstractFactory  - Command AbstractFactory.create(String key = TELE#@@#PORT)
38   [main] DEBUG ru.nsu.gordin.AbstractFactory  - Command AbstractFactory.create(String key = )
38   [main] DEBUG ru.nsu.gordin.AbstractFactory  - Command AbstractFactory.create(String key = TELEPORT we we)
38   [main] DEBUG ru.nsu.gordin.AbstractFactory  - Command AbstractFactory.create(String key = INIT qwd qwe)
39   [main] DEBUG ru.nsu.gordin.AbstractFactory  - Command AbstractFactory.create(String key = DRAW 32 q)
39   [main] DEBUG ru.nsu.gordin.AbstractFactory  - Command AbstractFactory.create(String key = WARD e#)
39   [main] DEBUG ru.nsu.gordin.AbstractFactory  - Command AbstractFactory.create(String key = MOVE 32 s)
39   [main] DEBUG ru.nsu.gordin.AbstractFactory  - Command AbstractFactory.create(String key = MOVE D D)
